<?xml version="1.0" encoding="UTF-8"?>
<testng-results skipped="0" failed="0" ignored="0" total="2" passed="2">
  <reporter-output>
  </reporter-output>
  <suite name="Suite" duration-ms="37108" started-at="2023-09-29T11:14:51 IST" finished-at="2023-09-29T11:15:28 IST">
    <groups>
    </groups>
    <test name="Test" duration-ms="37108" started-at="2023-09-29T11:14:51 IST" finished-at="2023-09-29T11:15:28 IST">
      <class name="qa.tests.HomePageTests.Login_TestCase">
        <test-method status="PASS" signature="setUp()[pri:0, instance:qa.tests.HomePageTests.Login_TestCase@26a7b76d]" name="setUp" is-config="true" duration-ms="175" started-at="2023-09-29T11:14:51 IST" finished-at="2023-09-29T11:14:51 IST">
          <reporter-output>
          </reporter-output>
        </test-method> <!-- setUp -->
        <test-method status="PASS" signature="beforeMethod(java.lang.String,java.lang.reflect.Method)[pri:0, instance:qa.tests.HomePageTests.Login_TestCase@26a7b76d]" name="beforeMethod" is-config="true" duration-ms="3520" started-at="2023-09-29T11:14:51 IST" finished-at="2023-09-29T11:14:54 IST">
          <params>
            <param index="0">
              <value>
                <![CDATA[chrome]]>
              </value>
            </param>
            <param index="1">
              <value>
                <![CDATA[public void qa.tests.HomePageTests.Login_TestCase.verifyFillOutForms() throws java.lang.InterruptedException]]>
              </value>
            </param>
          </params>
          <reporter-output>
          </reporter-output>
        </test-method> <!-- beforeMethod -->
        <test-method status="PASS" signature="verifyFillOutForms()[pri:0, instance:qa.tests.HomePageTests.Login_TestCase@26a7b76d]" name="verifyFillOutForms" duration-ms="818" started-at="2023-09-29T11:14:54 IST" finished-at="2023-09-29T11:14:55 IST">
          <reporter-output>
          </reporter-output>
        </test-method> <!-- verifyFillOutForms -->
        <test-method status="PASS" signature="afterMethod(org.testng.ITestResult)[pri:0, instance:qa.tests.HomePageTests.Login_TestCase@26a7b76d]" name="afterMethod" is-config="true" duration-ms="660" started-at="2023-09-29T11:14:55 IST" finished-at="2023-09-29T11:14:56 IST">
          <params>
            <param index="0">
              <value>
                <![CDATA[[TestResult name=verifyFillOutForms status=SUCCESS method=Login_TestCase.verifyFillOutForms()[pri:0, instance:qa.tests.HomePageTests.Login_TestCase@26a7b76d] output={null}]]]>
              </value>
            </param>
          </params>
          <reporter-output>
          </reporter-output>
        </test-method> <!-- afterMethod -->
        <test-method status="PASS" signature="beforeMethod(java.lang.String,java.lang.reflect.Method)[pri:0, instance:qa.tests.HomePageTests.Login_TestCase@26a7b76d]" name="beforeMethod" is-config="true" duration-ms="2882" started-at="2023-09-29T11:14:56 IST" finished-at="2023-09-29T11:14:59 IST">
          <params>
            <param index="0">
              <value>
                <![CDATA[chrome]]>
              </value>
            </param>
            <param index="1">
              <value>
                <![CDATA[public void qa.tests.HomePageTests.Login_TestCase.verifyLogin(java.lang.String,java.lang.String)]]>
              </value>
            </param>
          </params>
          <reporter-output>
          </reporter-output>
        </test-method> <!-- beforeMethod -->
        <test-method status="PASS" signature="verifyLogin(java.lang.String,java.lang.String)[pri:0, instance:qa.tests.HomePageTests.Login_TestCase@26a7b76d]" name="verifyLogin" duration-ms="28092" started-at="2023-09-29T11:14:59 IST" finished-at="2023-09-29T11:15:27 IST">
          <params>
            <param index="0">
              <value>
                <![CDATA[mary.johnm@gmail.com]]>
              </value>
            </param>
            <param index="1">
              <value>
                <![CDATA[12345678]]>
              </value>
            </param>
          </params>
          <reporter-output>
          </reporter-output>
        </test-method> <!-- verifyLogin -->
        <test-method status="PASS" signature="afterMethod(org.testng.ITestResult)[pri:0, instance:qa.tests.HomePageTests.Login_TestCase@26a7b76d]" name="afterMethod" is-config="true" duration-ms="654" started-at="2023-09-29T11:15:27 IST" finished-at="2023-09-29T11:15:27 IST">
          <params>
            <param index="0">
              <value>
                <![CDATA[[TestResult name=verifyLogin status=SUCCESS method=Login_TestCase.verifyLogin(java.lang.String,java.lang.String)[pri:0, instance:qa.tests.HomePageTests.Login_TestCase@26a7b76d] output={null}]]]>
              </value>
            </param>
          </params>
          <reporter-output>
          </reporter-output>
        </test-method> <!-- afterMethod -->
        <test-method status="PASS" signature="tearDown()[pri:0, instance:qa.tests.HomePageTests.Login_TestCase@26a7b76d]" name="tearDown" is-config="true" duration-ms="280" started-at="2023-09-29T11:15:27 IST" finished-at="2023-09-29T11:15:28 IST">
          <reporter-output>
          </reporter-output>
        </test-method> <!-- tearDown -->
      </class> <!-- qa.tests.HomePageTests.Login_TestCase -->
    </test> <!-- Test -->
  </suite> <!-- Suite -->
</testng-results>
